<?xml version="1.0" encoding="UTF-8"?>
<!-- Generated by org.testng.reporters.JUnitReportReporter -->
<testsuite name="dataproviderwithexcel.Dataprovidertest" tests="2" time="29.591" ignored="0" failures="0" timestamp="03 Sep 2019 14:27:44 GMT" skipped="1" hostname="LP-5CD7465GP0" errors="0">
  <testcase name="Registration_data" time="29.587" classname="dataproviderwithexcel.Dataprovidertest">
    <skipped/>
  </testcase> <!-- Registration_data -->
  <testcase name="test" time="0.004" classname="dataproviderwithexcel.Dataprovidertest"/>
</testsuite> <!-- dataproviderwithexcel.Dataprovidertest -->
