<?xml version="1.0" encoding="UTF-8"?>
<!-- Generated by org.testng.reporters.JUnitReportReporter -->
<testsuite name="dataproviderwithexceltestcasewise.Test12" tests="1" time="0.583" ignored="0" failures="0" timestamp="14 Nov 2018 15:39:46 GMT" skipped="0" hostname="LP-5CD7465GP0" errors="0">
  <testcase name="khaja" time="0.583" classname="dataproviderwithexceltestcasewise.Test12"/>
</testsuite> <!-- dataproviderwithexceltestcasewise.Test12 -->
