<?xml version="1.0" encoding="UTF-8"?>
<!-- Generated by org.testng.reporters.JUnitReportReporter -->
<testsuite name="dataproviderwithexceltestcasewise.Find_max_number_in_a_colm" tests="1" time="0.696" ignored="0" failures="0" timestamp="03 Apr 2019 09:15:32 GMT" skipped="0" hostname="LP-5CD7465GP0" errors="0">
  <testcase name="setexcelfile" time="0.696" classname="dataproviderwithexceltestcasewise.Find_max_number_in_a_colm"/>
</testsuite> <!-- dataproviderwithexceltestcasewise.Find_max_number_in_a_colm -->
