<?xml version="1.0" encoding="UTF-8"?>
<!-- Generated by org.testng.reporters.JUnitReportReporter -->
<testsuite name="testcases.Totaldata" tests="1" time="0.762" ignored="0" failures="0" timestamp="22 Oct 2019 12:56:11 GMT" skipped="0" hostname="LP-5CD7465GP0" errors="0">
  <testcase name="khaja" time="0.762" classname="testcases.Totaldata"/>
</testsuite> <!-- testcases.Totaldata -->
