<?xml version="1.0" encoding="UTF-8"?>
<!-- Generated by org.testng.reporters.JUnitReportReporter -->
<testsuite name="com.cucumber.framework.Logintest" tests="1" time="0.013" ignored="0" failures="0" timestamp="27 Jul 2018 17:13:47 GMT" skipped="0" hostname="LP-5CD7465GP0" errors="0">
  <testcase name="feature" time="0.013" classname="com.cucumber.framework.Logintest"/>
</testsuite> <!-- com.cucumber.framework.Logintest -->
